<?xml version="1.0" encoding="UTF-8"?>
<testng-results ignored="0" total="2" passed="2" failed="0" skipped="0">
  <reporter-output>
  </reporter-output>
  <suite started-at="2025-08-11T10:01:01 IST" name="Suite" finished-at="2025-08-11T10:01:22 IST" duration-ms="20279">
    <groups>
    </groups>
    <test started-at="2025-08-11T10:01:01 IST" name="Test" finished-at="2025-08-11T10:01:22 IST" duration-ms="20279">
      <class name="testcases.TC001_Login">
        <test-method is-config="true" signature="setup()[pri:0, instance:testcases.TC001_Login@158da8e]" started-at="2025-08-11T10:01:01 IST" name="setup" finished-at="2025-08-11T10:01:08 IST" duration-ms="6347" status="PASS">
          <reporter-output>
          </reporter-output>
        </test-method> <!-- setup -->
        <test-method signature="runLogin()[pri:0, instance:testcases.TC001_Login@158da8e]" started-at="2025-08-11T10:01:08 IST" name="runLogin" finished-at="2025-08-11T10:01:08 IST" duration-ms="362" status="PASS">
          <reporter-output>
          </reporter-output>
        </test-method> <!-- runLogin -->
        <test-method is-config="true" signature="teardown()[pri:0, instance:testcases.TC001_Login@158da8e]" started-at="2025-08-11T10:01:08 IST" name="teardown" finished-at="2025-08-11T10:01:08 IST" duration-ms="163" status="PASS">
          <reporter-output>
          </reporter-output>
        </test-method> <!-- teardown -->
      </class> <!-- testcases.TC001_Login -->
      <class name="testcases.TC002_CreateLead">
        <test-method is-config="true" signature="setup()[pri:0, instance:testcases.TC002_CreateLead@38c6f217]" started-at="2025-08-11T10:01:08 IST" name="setup" finished-at="2025-08-11T10:01:14 IST" duration-ms="5737" status="PASS">
          <reporter-output>
          </reporter-output>
        </test-method> <!-- setup -->
        <test-method signature="runCreateLead()[pri:0, instance:testcases.TC002_CreateLead@38c6f217]" started-at="2025-08-11T10:01:14 IST" name="runCreateLead" finished-at="2025-08-11T10:01:21 IST" duration-ms="7463" status="PASS">
          <reporter-output>
          </reporter-output>
        </test-method> <!-- runCreateLead -->
        <test-method is-config="true" signature="teardown()[pri:0, instance:testcases.TC002_CreateLead@38c6f217]" started-at="2025-08-11T10:01:21 IST" name="teardown" finished-at="2025-08-11T10:01:22 IST" duration-ms="159" status="PASS">
          <reporter-output>
          </reporter-output>
        </test-method> <!-- teardown -->
      </class> <!-- testcases.TC002_CreateLead -->
    </test> <!-- Test -->
  </suite> <!-- Suite -->
</testng-results>
